Flutter crash report; please file at https://github.com/flutter/flutter/issues.

## command

flutter --suppress-analytics build bundle --target-platform=ios --target=/Users/jason/Desktop/hotelapp_prototype/mdc_100_series/lib/main.dart --snapshot=build/snapshot_blob.bin --debug --depfile=build/snapshot_blob.bin.d --asset-dir=/Users/jason/Desktop/hotelapp_prototype/mdc_100_series/ios/Flutter/flutter_assets

## exception

FileSystemException: FileSystemException: Cannot open file, path = 'build/app.dill' (OS Error: No such file or directory, errno = 2)

```
#0      _File.open.<anonymous closure> (dart:io/file_impl.dart:368:9)
#1      _rootRunUnary (dart:async/zone.dart:1132:38)
#2      _CustomZone.runUnary (dart:async/zone.dart:1029:19)
#3      _FutureListener.handleValue (dart:async/future_impl.dart:129:18)
#4      Future._propagateToListeners.handleValueCallback (dart:async/future_impl.dart:642:45)
#5      Future._propagateToListeners (dart:async/future_impl.dart:671:32)
#6      Future._completeWithValue (dart:async/future_impl.dart:486:5)
#7      Future._asyncComplete.<anonymous closure> (dart:async/future_impl.dart:516:7)
#8      _rootRun (dart:async/zone.dart:1124:13)
#9      _CustomZone.run (dart:async/zone.dart:1021:19)
#10     _CustomZone.bindCallback.<anonymous closure> (dart:async/zone.dart:947:23)
#11     _microtaskLoop (dart:async/schedule_microtask.dart:41:21)
#12     _startMicrotaskLoop (dart:async/schedule_microtask.dart:50:5)
#13     _runPendingImmediateCallback (dart:isolate/runtime/libisolate_patch.dart:115:13)
#14     _RawReceivePortImpl._handleMessage (dart:isolate/runtime/libisolate_patch.dart:172:5)
```

## flutter doctor

```
[✓] Flutter (Channel master, v0.9.7-pre.61, on Mac OS X 10.14 18A391, locale ko-KR)
    • Flutter version 0.9.7-pre.61 at /Users/jason/development/flutter
    • Framework revision 2d81adf74c (4 weeks ago), 2018-10-05 22:29:37 -0700
    • Engine revision 572fa5646a
    • Dart version 2.1.0-dev.6.0.flutter-c6254163dc

[✗] Android toolchain - develop for Android devices
    ✗ Unable to locate Android SDK.
      Install Android Studio from: https://developer.android.com/studio/index.html
      On first launch it will assist you in installing the Android SDK components.
      (or visit https://flutter.io/setup/#android-setup for detailed instructions).
      If Android SDK has been installed to a custom location, set $ANDROID_HOME to that location.
      You may also want to add it to your PATH environment variable.
      

[✓] iOS toolchain - develop for iOS devices (Xcode 10.0)
    • Xcode at /Applications/Xcode.app/Contents/Developer
    • Xcode 10.0, Build version 10A255
    • ios-deploy 1.9.2
    • CocoaPods version 1.5.3

[✗] Android Studio (not installed)
    • Android Studio not found; download from https://developer.android.com/studio/index.html
      (or visit https://flutter.io/setup/#android-setup for detailed instructions).

[✓] VS Code (version 1.28.2)
    • VS Code at /Applications/Visual Studio Code.app/Contents
    • Flutter extension version 2.19.0

[✓] Connected device (1 available)
    • iPhone 8 Plus • D5FE251A-3EE0-45DB-AC79-455F6F70B760 • ios • iOS 12.0 (simulator)

! Doctor found issues in 2 categories.
```
